Assuming unrestricted shared filesystem usage.
None
host: node-23
Building DAG of jobs...
Using shell: /usr/bin/bash
Provided cores: 44
Rules claiming more threads will be scaled down.
Job stats:
job      count
-----  -------
all          1
total        1

Select jobs to execute...
Execute 1 jobs...
[Thu May 22 22:18:05 2025]
localrule all:
    jobid: 0
    reason: Rules with neither input nor output files are always executed.
    resources: tmpdir=/tmp/slurm-maab9325-175617

[Thu May 22 22:18:05 2025]
Finished jobid: 0 (Rule: all)
1 of 1 steps (100%) done
Complete log(s): /scratch/lustre/home/maab9325/pangenome_construction/learning/extra_genome/prokka/.snakemake/log/2025-05-22T221805.291400.snakemake.log
